2024-07-25 14:56:43.974 [info] Extension host with pid 4614 started
2024-07-25 14:56:43.975 [error] Error: EEXIST: file already exists, open '/root/.vscode-server/data/User/workspaceStorage/22ce5e0db7d978fef500f9580041c1e9/vscode.lock'
2024-07-25 14:56:44.109 [info] Lock '/root/.vscode-server/data/User/workspaceStorage/22ce5e0db7d978fef500f9580041c1e9/vscode.lock': Could not acquire lock, checking if the file is stale.
2024-07-25 14:56:44.124 [info] ExtensionService#_doActivateExtension vscode.emmet, startup: false, activationEvent: 'onLanguage'
2024-07-25 14:56:44.136 [info] ExtensionService#_doActivateExtension hashicorp.terraform, startup: false, activationEvent: 'onLanguage:terraform'
2024-07-25 14:56:45.430 [info] ExtensionService#_doActivateExtension vscode.git-base, startup: true, activationEvent: '*', root cause: vscode.git
2024-07-25 14:56:46.126 [info] Lock '/root/.vscode-server/data/User/workspaceStorage/22ce5e0db7d978fef500f9580041c1e9/vscode.lock': The pid 18895 appears to be gone.
2024-07-25 14:56:46.126 [info] Lock '/root/.vscode-server/data/User/workspaceStorage/22ce5e0db7d978fef500f9580041c1e9/vscode.lock': Deleting a stale lock.
2024-07-25 14:56:46.134 [info] ExtensionService#_doActivateExtension hashicorp.hcl, startup: true, activationEvent: 'workspaceContains:**/*.hcl'
2024-07-25 14:56:47.199 [info] Lock '/root/.vscode-server/data/User/workspaceStorage/22ce5e0db7d978fef500f9580041c1e9/vscode.lock': Lock acquired.
2024-07-25 14:56:47.334 [info] ExtensionService#_doActivateExtension vscode.git, startup: true, activationEvent: '*'
2024-07-25 14:56:47.335 [info] ExtensionService#_doActivateExtension vscode.github, startup: true, activationEvent: '*'
2024-07-25 14:56:49.813 [info] Eager extensions activated
2024-07-25 14:56:49.815 [info] ExtensionService#_doActivateExtension vscode.debug-auto-launch, startup: false, activationEvent: 'onStartupFinished'
2024-07-25 14:56:49.816 [info] ExtensionService#_doActivateExtension vscode.merge-conflict, startup: false, activationEvent: 'onStartupFinished'
2024-07-25 15:02:51.101 [info] ExtensionService#_doActivateExtension vscode.npm, startup: false, activationEvent: 'onTerminalQuickFixRequest:ms-vscode.npm-command'
2024-07-25 15:17:33.550 [error] [hashicorp.terraform] provider FAILED
2024-07-25 15:17:33.556 [error] Error: main.tf (42,18): position outside of any attribute name, value or block
	at /root/.vscode-server/extensions/hashicorp.terraform-2.32.1-linux-x64/out/extension.js:2:437683
	at re (/root/.vscode-server/extensions/hashicorp.terraform-2.32.1-linux-x64/out/extension.js:2:437977)
	at /root/.vscode-server/extensions/hashicorp.terraform-2.32.1-linux-x64/out/extension.js:2:432761
	at Immediate.<anonymous> (/root/.vscode-server/extensions/hashicorp.terraform-2.32.1-linux-x64/out/extension.js:2:432781)
	at process.processImmediate (node:internal/timers:478:21)
2024-07-25 15:17:34.456 [error] [hashicorp.terraform] provider FAILED
2024-07-25 15:17:34.456 [error] Error: main.tf (43,15): position outside of any attribute name, value or block
	at /root/.vscode-server/extensions/hashicorp.terraform-2.32.1-linux-x64/out/extension.js:2:437683
	at re (/root/.vscode-server/extensions/hashicorp.terraform-2.32.1-linux-x64/out/extension.js:2:437977)
	at /root/.vscode-server/extensions/hashicorp.terraform-2.32.1-linux-x64/out/extension.js:2:432761
	at Immediate.<anonymous> (/root/.vscode-server/extensions/hashicorp.terraform-2.32.1-linux-x64/out/extension.js:2:432781)
	at process.processImmediate (node:internal/timers:478:21)
