2024-07-25 12:53:35.094 [info] Log level: Info
2024-07-25 12:53:35.095 [info] Validating found git in: "git"
2024-07-25 12:53:35.095 [info] Using git "2.34.1" from "git"
2024-07-25 12:53:35.095 [info] > git rev-parse --show-toplevel [389ms]
2024-07-25 12:53:35.711 [info] > git rev-parse --git-dir --git-common-dir [105ms]
2024-07-25 12:53:35.774 [info] Open repository: /root/terraform-tutorial
2024-07-25 12:53:36.054 [info] > git config --get commit.template [143ms]
2024-07-25 12:53:36.065 [info] > git rev-parse --show-toplevel [63ms]
2024-07-25 12:53:36.689 [info] > git rev-parse --show-toplevel [110ms]
2024-07-25 12:53:36.692 [info] > git for-each-ref --format=%(refname)%00%(upstream:short)%00%(objectname)%00%(upstream:track)%00%(upstream:remotename)%00%(upstream:remoteref) refs/heads/main refs/remotes/main [499ms]
2024-07-25 12:53:36.962 [warning] ENOENT: no such file or directory, open '/root/terraform-tutorial/.git/refs/remotes/origin/main'
2024-07-25 12:53:36.971 [info] > git check-ignore -v -z --stdin [306ms]
2024-07-25 12:53:37.021 [info] > git rev-parse refs/remotes/origin/main [60ms]
2024-07-25 12:53:37.133 [info] > git rev-parse --show-toplevel [248ms]
2024-07-25 12:53:37.334 [info] > git rev-parse --show-toplevel [26ms]
2024-07-25 12:53:37.464 [info] > git rev-parse --show-toplevel [11ms]
2024-07-25 12:53:37.661 [info] > git rev-parse --show-toplevel [15ms]
2024-07-25 12:53:37.756 [info] > git status -z -uall [625ms]
2024-07-25 12:53:38.167 [info] > git for-each-ref --format=%(refname)%00%(upstream:short)%00%(objectname)%00%(upstream:track)%00%(upstream:remotename)%00%(upstream:remoteref) refs/heads/main refs/remotes/main [274ms]
2024-07-25 12:53:38.284 [info] > git rev-parse --show-toplevel [533ms]
2024-07-25 12:53:38.290 [info] > git config --get commit.template [133ms]
2024-07-25 12:53:38.449 [info] > git config --local branch.main.vscode-merge-base [167ms]
2024-07-25 12:53:38.667 [info] > git rev-parse --show-toplevel [227ms]
2024-07-25 12:53:38.685 [info] > git for-each-ref --format=%(refname)%00%(upstream:short)%00%(objectname)%00%(upstream:track)%00%(upstream:remotename)%00%(upstream:remoteref) refs/heads/origin/main refs/remotes/origin/main [115ms]
2024-07-25 12:53:38.865 [info] > git for-each-ref --format=%(refname)%00%(upstream:short)%00%(objectname)%00%(upstream:track)%00%(upstream:remotename)%00%(upstream:remoteref) refs/heads/main refs/remotes/main [203ms]
2024-07-25 12:53:38.873 [info] > git merge-base refs/heads/main refs/remotes/origin/main [95ms]
2024-07-25 12:53:39.106 [warning] ENOENT: no such file or directory, open '/root/terraform-tutorial/.git/refs/remotes/origin/main'
2024-07-25 12:53:39.112 [info] > git rev-parse --show-toplevel [250ms]
2024-07-25 12:53:39.116 [info] > git rev-list --count --left-right refs/heads/main...refs/remotes/origin/main [122ms]
2024-07-25 12:53:39.446 [info] > git rev-parse refs/remotes/origin/main [340ms]
2024-07-25 12:53:39.646 [info] > git rev-parse --show-toplevel [217ms]
2024-07-25 12:53:39.648 [info] > git diff --name-status -z --diff-filter=ADMR d5a4c632cf56051d5113f93115f9fe60401d01cd...refs/remotes/origin/main [378ms]
2024-07-25 12:53:39.780 [info] > git status -z -uall [171ms]
2024-07-25 12:53:39.933 [info] > git rev-parse --show-toplevel [158ms]
2024-07-25 12:53:39.955 [info] > git for-each-ref --format=%(refname)%00%(upstream:short)%00%(objectname)%00%(upstream:track)%00%(upstream:remotename)%00%(upstream:remoteref) refs/heads/main refs/remotes/main [78ms]
2024-07-25 12:53:40.167 [info] > git config --local branch.main.vscode-merge-base [94ms]
2024-07-25 12:53:40.261 [info] > git rev-parse --show-toplevel [100ms]
2024-07-25 12:53:40.364 [info] > git for-each-ref --format=%(refname)%00%(upstream:short)%00%(objectname)%00%(upstream:track)%00%(upstream:remotename)%00%(upstream:remoteref) refs/heads/origin/main refs/remotes/origin/main [110ms]
2024-07-25 12:53:40.376 [info] > git rev-parse --show-toplevel [18ms]
