2024-07-10 15:49:46.317 [info] Log level: Info
2024-07-10 15:49:46.317 [info] Validating found git in: "git"
2024-07-10 15:49:46.318 [info] Using git "2.34.1" from "git"
2024-07-10 15:49:46.318 [info] > git rev-parse --show-toplevel [251ms]
2024-07-10 15:49:46.330 [info] > git rev-parse --git-dir --git-common-dir [28ms]
2024-07-10 15:49:46.364 [info] Open repository: /root/terraform-tutorial
2024-07-10 15:49:46.569 [info] > git config --get commit.template [107ms]
2024-07-10 15:49:46.935 [info] > git for-each-ref --format=%(refname)%00%(upstream:short)%00%(objectname)%00%(upstream:track)%00%(upstream:remotename)%00%(upstream:remoteref) refs/heads/main refs/remotes/main [287ms]
2024-07-10 15:49:47.050 [warning] ENOENT: no such file or directory, open '/root/terraform-tutorial/.git/refs/remotes/origin/main'
2024-07-10 15:49:47.168 [info] > git rev-parse refs/remotes/origin/main [119ms]
2024-07-10 15:49:47.260 [info] > git rev-parse --show-toplevel [328ms]
2024-07-10 15:49:47.268 [info] > git check-ignore -v -z --stdin [105ms]
2024-07-10 15:49:47.414 [info] > git rev-parse --show-toplevel [20ms]
2024-07-10 15:49:47.548 [info] > git rev-parse --show-toplevel [17ms]
2024-07-10 15:49:47.695 [info] > git rev-parse --show-toplevel [17ms]
2024-07-10 15:49:47.824 [info] > git rev-parse --show-toplevel [13ms]
2024-07-10 15:49:47.934 [info] > git rev-parse --show-toplevel [16ms]
2024-07-10 15:49:48.030 [info] > git status -z -uall [774ms]
2024-07-10 15:49:48.807 [info] > git for-each-ref --format=%(refname)%00%(upstream:short)%00%(objectname)%00%(upstream:track)%00%(upstream:remotename)%00%(upstream:remoteref) refs/heads/main refs/remotes/main [578ms]
2024-07-10 15:49:48.984 [info] > git rev-parse --show-toplevel [958ms]
2024-07-10 15:49:48.994 [info] > git config --get commit.template [197ms]
2024-07-10 15:49:49.210 [info] > git config --local branch.main.vscode-merge-base [228ms]
2024-07-10 15:49:49.210 [warning] git config failed: Failed to execute git
2024-07-10 15:49:49.305 [info] > git for-each-ref --format=%(refname)%00%(upstream:short)%00%(objectname)%00%(upstream:track)%00%(upstream:remotename)%00%(upstream:remoteref) refs/heads/main refs/remotes/main [102ms]
2024-07-10 15:49:49.307 [info] > git rev-parse --show-toplevel [192ms]
2024-07-10 15:49:49.374 [warning] ENOENT: no such file or directory, open '/root/terraform-tutorial/.git/refs/remotes/origin/main'
2024-07-10 15:49:49.430 [info] > git reflog main --grep-reflog=branch: Created from *. [135ms]
2024-07-10 15:49:49.527 [info] > git rev-parse --show-toplevel [99ms]
2024-07-10 15:49:49.528 [info] > git rev-parse refs/remotes/origin/main [154ms]
2024-07-10 15:49:49.658 [info] > git status -z -uall [71ms]
2024-07-10 15:49:49.659 [info] > git symbolic-ref --short refs/remotes/origin/HEAD [136ms]
2024-07-10 15:49:49.732 [info] > git rev-parse --show-toplevel [76ms]
2024-07-10 15:49:49.923 [info] > git for-each-ref --format=%(refname)%00%(upstream:short)%00%(objectname)%00%(upstream:track)%00%(upstream:remotename)%00%(upstream:remoteref) refs/heads/origin/main refs/remotes/origin/main [199ms]
2024-07-10 15:49:50.007 [info] > git rev-parse --show-toplevel [92ms]
2024-07-10 15:49:50.010 [info] > git for-each-ref --format=%(refname)%00%(upstream:short)%00%(objectname)%00%(upstream:track)%00%(upstream:remotename)%00%(upstream:remoteref) refs/heads/main refs/remotes/main [175ms]
2024-07-10 15:49:50.205 [info] > git config --local branch.main.vscode-merge-base origin/main [206ms]
2024-07-10 15:49:50.294 [info] > git rev-parse --show-toplevel [110ms]
2024-07-10 15:49:50.309 [info] > git config --local branch.main.vscode-merge-base [213ms]
2024-07-10 15:49:50.399 [info] > git config --get commit.template [109ms]
2024-07-10 15:49:50.545 [info] > git for-each-ref --format=%(refname)%00%(upstream:short)%00%(objectname)%00%(upstream:track)%00%(upstream:remotename)%00%(upstream:remoteref) refs/heads/origin/main refs/remotes/origin/main [152ms]
2024-07-10 15:49:50.679 [info] > git for-each-ref --format=%(refname)%00%(upstream:short)%00%(objectname)%00%(upstream:track)%00%(upstream:remotename)%00%(upstream:remoteref) refs/heads/main refs/remotes/main [221ms]
2024-07-10 15:49:50.729 [warning] ENOENT: no such file or directory, open '/root/terraform-tutorial/.git/refs/remotes/origin/main'
2024-07-10 15:49:50.735 [info] > git merge-base refs/heads/main refs/remotes/origin/main [64ms]
2024-07-10 15:49:50.822 [info] > git rev-parse refs/remotes/origin/main [93ms]
2024-07-10 15:49:50.893 [info] > git rev-list --count --left-right refs/heads/main...refs/remotes/origin/main [80ms]
2024-07-10 15:49:50.963 [info] > git status -z -uall [74ms]
2024-07-10 15:49:51.030 [info] > git diff --name-status -z --diff-filter=ADMR d5a4c632cf56051d5113f93115f9fe60401d01cd...refs/remotes/origin/main [72ms]
2024-07-10 15:49:51.053 [info] > git for-each-ref --format=%(refname)%00%(upstream:short)%00%(objectname)%00%(upstream:track)%00%(upstream:remotename)%00%(upstream:remoteref) refs/heads/main refs/remotes/main [38ms]
2024-07-10 15:49:51.164 [info] > git config --local branch.main.vscode-merge-base [20ms]
2024-07-10 15:49:51.246 [info] > git for-each-ref --format=%(refname)%00%(upstream:short)%00%(objectname)%00%(upstream:track)%00%(upstream:remotename)%00%(upstream:remoteref) refs/heads/origin/main refs/remotes/origin/main [20ms]
