2024-07-10 15:52:05.904 [info] Log level: Info
2024-07-10 15:52:05.904 [info] Validating found git in: "git"
2024-07-10 15:52:05.905 [info] Using git "2.34.1" from "git"
2024-07-10 15:52:05.905 [info] > git rev-parse --show-toplevel [178ms]
2024-07-10 15:52:05.914 [info] > git rev-parse --git-dir --git-common-dir [13ms]
2024-07-10 15:52:05.950 [info] Open repository: /root/terraform-tutorial
2024-07-10 15:52:06.276 [info] > git config --get commit.template [219ms]
2024-07-10 15:52:06.463 [info] > git for-each-ref --format=%(refname)%00%(upstream:short)%00%(objectname)%00%(upstream:track)%00%(upstream:remotename)%00%(upstream:remoteref) refs/heads/main refs/remotes/main [107ms]
2024-07-10 15:52:06.530 [warning] ENOENT: no such file or directory, open '/root/terraform-tutorial/.git/refs/remotes/origin/main'
2024-07-10 15:52:06.535 [info] > git rev-parse --show-toplevel [79ms]
2024-07-10 15:52:06.643 [info] > git rev-parse --show-toplevel [60ms]
2024-07-10 15:52:06.645 [info] > git rev-parse refs/remotes/origin/main [115ms]
2024-07-10 15:52:06.776 [info] > git check-ignore -v -z --stdin [137ms]
2024-07-10 15:52:06.781 [info] > git status -z -uall [80ms]
2024-07-10 15:52:06.786 [info] > git rev-parse --show-toplevel [17ms]
2024-07-10 15:52:07.126 [info] > git for-each-ref --format=%(refname)%00%(upstream:short)%00%(objectname)%00%(upstream:track)%00%(upstream:remotename)%00%(upstream:remoteref) refs/heads/main refs/remotes/main [270ms]
2024-07-10 15:52:07.296 [info] > git config --local branch.main.vscode-merge-base [84ms]
2024-07-10 15:52:07.444 [info] > git config --get commit.template [329ms]
2024-07-10 15:52:07.445 [info] > git rev-parse --show-toplevel [478ms]
2024-07-10 15:52:07.654 [info] > git rev-parse --show-toplevel [98ms]
2024-07-10 15:52:07.657 [info] > git for-each-ref --format=%(refname)%00%(upstream:short)%00%(objectname)%00%(upstream:track)%00%(upstream:remotename)%00%(upstream:remoteref) refs/heads/origin/main refs/remotes/origin/main [214ms]
2024-07-10 15:52:07.855 [info] > git for-each-ref --format=%(refname)%00%(upstream:short)%00%(objectname)%00%(upstream:track)%00%(upstream:remotename)%00%(upstream:remoteref) refs/heads/main refs/remotes/main [208ms]
2024-07-10 15:52:07.949 [warning] ENOENT: no such file or directory, open '/root/terraform-tutorial/.git/refs/remotes/origin/main'
2024-07-10 15:52:07.957 [info] > git merge-base refs/heads/main refs/remotes/origin/main [206ms]
2024-07-10 15:52:08.052 [info] > git rev-parse refs/remotes/origin/main [103ms]
2024-07-10 15:52:08.155 [info] > git rev-parse --show-toplevel [304ms]
2024-07-10 15:52:08.197 [info] > git rev-list --count --left-right refs/heads/main...refs/remotes/origin/main [151ms]
2024-07-10 15:52:08.514 [info] > git status -z -uall [362ms]
2024-07-10 15:52:08.614 [info] > git rev-parse --show-toplevel [105ms]
2024-07-10 15:52:08.615 [info] > git diff --name-status -z --diff-filter=ADMR d5a4c632cf56051d5113f93115f9fe60401d01cd...refs/remotes/origin/main [228ms]
2024-07-10 15:52:08.693 [info] > git for-each-ref --format=%(refname)%00%(upstream:short)%00%(objectname)%00%(upstream:track)%00%(upstream:remotename)%00%(upstream:remoteref) refs/heads/main refs/remotes/main [93ms]
2024-07-10 15:52:08.804 [info] > git rev-parse --show-toplevel [119ms]
2024-07-10 15:52:08.877 [info] > git config --local branch.main.vscode-merge-base [83ms]
2024-07-10 15:52:08.941 [info] > git rev-parse --show-toplevel [66ms]
2024-07-10 15:52:09.015 [info] > git for-each-ref --format=%(refname)%00%(upstream:short)%00%(objectname)%00%(upstream:track)%00%(upstream:remotename)%00%(upstream:remoteref) refs/heads/origin/main refs/remotes/origin/main [79ms]
2024-07-10 15:52:09.024 [info] > git rev-parse --show-toplevel [24ms]
2024-07-10 15:52:09.110 [info] > git rev-parse --show-toplevel [15ms]
2024-07-10 15:52:09.198 [info] > git rev-parse --show-toplevel [17ms]
2024-07-10 15:56:34.146 [info] > git show --textconv :terraform.tfstate [811ms]
2024-07-10 15:56:34.166 [info] > git ls-files --stage -- /root/terraform-tutorial/terraform.tfstate [29ms]
2024-07-10 15:58:30.422 [info] > git show --textconv :main.tf [201ms]
2024-07-10 15:58:30.431 [info] > git ls-files --stage -- /root/terraform-tutorial/main.tf [19ms]
2024-07-10 15:58:37.089 [info] > git show --textconv :main.tf [342ms]
2024-07-10 15:58:37.095 [info] > git ls-files --stage -- /root/terraform-tutorial/main.tf [64ms]
2024-07-10 15:58:37.887 [info] > git show --textconv :terraform.tfstate [358ms]
2024-07-10 15:58:37.904 [info] > git ls-files --stage -- /root/terraform-tutorial/terraform.tfstate [25ms]
