2024-07-23 20:40:35.616 [info] Log level: Info
2024-07-23 20:40:35.616 [info] Validating found git in: "git"
2024-07-23 20:40:35.616 [info] Using git "2.34.1" from "git"
2024-07-23 20:40:35.616 [info] > git rev-parse --show-toplevel [41ms]
2024-07-23 20:40:35.626 [info] > git rev-parse --git-dir --git-common-dir [19ms]
2024-07-23 20:40:35.682 [info] Open repository: /root/terraform-tutorial
2024-07-23 20:40:35.909 [info] > git config --get commit.template [154ms]
2024-07-23 20:40:36.521 [info] > git check-ignore -v -z --stdin [83ms]
2024-07-23 20:40:36.528 [info] > git for-each-ref --format=%(refname)%00%(upstream:short)%00%(objectname)%00%(upstream:track)%00%(upstream:remotename)%00%(upstream:remoteref) refs/heads/main refs/remotes/main [229ms]
2024-07-23 20:40:36.645 [warning] ENOENT: no such file or directory, open '/root/terraform-tutorial/.git/refs/remotes/origin/main'
2024-07-23 20:40:36.734 [info] > git rev-parse --show-toplevel [218ms]
2024-07-23 20:40:36.842 [info] > git rev-parse refs/remotes/origin/main [198ms]
2024-07-23 20:40:36.932 [info] > git rev-parse --show-toplevel [91ms]
2024-07-23 20:40:37.023 [info] > git status -z -uall [98ms]
2024-07-23 20:40:37.369 [info] > git for-each-ref --format=%(refname)%00%(upstream:short)%00%(objectname)%00%(upstream:track)%00%(upstream:remotename)%00%(upstream:remoteref) refs/heads/main refs/remotes/main [217ms]
2024-07-23 20:40:37.469 [info] > git rev-parse --show-toplevel [451ms]
2024-07-23 20:40:37.682 [info] > git config --get commit.template [317ms]
2024-07-23 20:40:37.689 [info] > git rev-parse --show-toplevel [21ms]
2024-07-23 20:40:37.692 [info] > git config --local branch.main.vscode-merge-base [224ms]
2024-07-23 20:40:38.017 [info] > git for-each-ref --format=%(refname)%00%(upstream:short)%00%(objectname)%00%(upstream:track)%00%(upstream:remotename)%00%(upstream:remoteref) refs/heads/main refs/remotes/main [138ms]
2024-07-23 20:40:38.018 [info] > git for-each-ref --format=%(refname)%00%(upstream:short)%00%(objectname)%00%(upstream:track)%00%(upstream:remotename)%00%(upstream:remoteref) refs/heads/origin/main refs/remotes/origin/main [230ms]
2024-07-23 20:40:38.228 [warning] ENOENT: no such file or directory, open '/root/terraform-tutorial/.git/refs/remotes/origin/main'
2024-07-23 20:40:38.235 [info] > git rev-parse --show-toplevel [233ms]
2024-07-23 20:40:38.238 [info] > git merge-base refs/heads/main refs/remotes/origin/main [98ms]
2024-07-23 20:40:38.423 [info] > git rev-parse refs/remotes/origin/main [194ms]
2024-07-23 20:40:38.534 [info] > git rev-parse --show-toplevel [116ms]
2024-07-23 20:40:38.535 [info] > git rev-list --count --left-right refs/heads/main...refs/remotes/origin/main [214ms]
2024-07-23 20:40:38.765 [info] > git status -z -uall [242ms]
2024-07-23 20:40:38.895 [info] > git rev-parse --show-toplevel [132ms]
2024-07-23 20:40:38.896 [info] > git diff --name-status -z --diff-filter=ADMR d5a4c632cf56051d5113f93115f9fe60401d01cd...refs/remotes/origin/main [256ms]
2024-07-23 20:40:39.030 [info] > git for-each-ref --format=%(refname)%00%(upstream:short)%00%(objectname)%00%(upstream:track)%00%(upstream:remotename)%00%(upstream:remoteref) refs/heads/main refs/remotes/main [153ms]
2024-07-23 20:40:39.131 [info] > git rev-parse --show-toplevel [111ms]
2024-07-23 20:40:39.228 [info] > git config --local branch.main.vscode-merge-base [103ms]
2024-07-23 20:40:39.295 [info] > git rev-parse --show-toplevel [72ms]
2024-07-23 20:40:39.358 [info] > git for-each-ref --format=%(refname)%00%(upstream:short)%00%(objectname)%00%(upstream:track)%00%(upstream:remotename)%00%(upstream:remoteref) refs/heads/origin/main refs/remotes/origin/main [69ms]
2024-07-23 20:40:39.365 [info] > git rev-parse --show-toplevel [12ms]
2024-07-23 20:40:39.427 [info] > git rev-parse --show-toplevel [12ms]
2024-07-23 20:40:39.509 [info] > git rev-parse --show-toplevel [13ms]
2024-07-24 17:07:12.219 [info] > git rev-parse --show-toplevel [179ms]
2024-07-24 17:13:04.503 [info] > git show --textconv :main.tf [84ms]
2024-07-24 17:13:04.517 [info] > git ls-files --stage -- /root/terraform-tutorial/main.tf [22ms]
2024-07-24 17:14:03.298 [info] > git rev-parse --show-toplevel [48ms]
2024-07-24 17:24:25.487 [info] > git rev-parse --show-toplevel [111ms]
