2024-07-25 14:56:50.395 [info] Log level: Info
2024-07-25 14:56:50.395 [info] Validating found git in: "git"
2024-07-25 14:56:50.395 [info] Using git "2.34.1" from "git"
2024-07-25 14:56:50.395 [info] > git rev-parse --show-toplevel [351ms]
2024-07-25 14:56:50.407 [info] > git rev-parse --git-dir --git-common-dir [141ms]
2024-07-25 14:56:50.442 [info] Open repository: /root/terraform-tutorial
2024-07-25 14:56:50.659 [info] > git config --get commit.template [132ms]
2024-07-25 14:56:50.808 [info] > git rev-parse --show-toplevel [195ms]
2024-07-25 14:56:50.953 [info] > git for-each-ref --format=%(refname)%00%(upstream:short)%00%(objectname)%00%(upstream:track)%00%(upstream:remotename)%00%(upstream:remoteref) refs/heads/main refs/remotes/main [174ms]
2024-07-25 14:56:51.064 [warning] ENOENT: no such file or directory, open '/root/terraform-tutorial/.git/refs/remotes/origin/main'
2024-07-25 14:56:51.073 [info] > git rev-parse --show-toplevel [147ms]
2024-07-25 14:56:51.267 [info] > git rev-parse refs/remotes/origin/main [203ms]
2024-07-25 14:56:51.578 [info] > git status -z -uall [142ms]
2024-07-25 14:56:51.695 [info] > git rev-parse --show-toplevel [525ms]
2024-07-25 14:56:52.042 [info] > git check-ignore -v -z --stdin [485ms]
2024-07-25 14:56:52.047 [info] > git for-each-ref --format=%(refname)%00%(upstream:short)%00%(objectname)%00%(upstream:track)%00%(upstream:remotename)%00%(upstream:remoteref) refs/heads/main refs/remotes/main [386ms]
2024-07-25 14:56:52.174 [info] > git rev-parse --show-toplevel [144ms]
2024-07-25 14:56:52.182 [info] > git config --get commit.template [226ms]
2024-07-25 14:56:52.392 [info] > git rev-parse --show-toplevel [130ms]
2024-07-25 14:56:52.393 [info] > git config --local branch.main.vscode-merge-base [227ms]
2024-07-25 14:56:52.653 [info] > git for-each-ref --format=%(refname)%00%(upstream:short)%00%(objectname)%00%(upstream:track)%00%(upstream:remotename)%00%(upstream:remoteref) refs/heads/main refs/remotes/main [274ms]
2024-07-25 14:56:52.661 [info] > git for-each-ref --format=%(refname)%00%(upstream:short)%00%(objectname)%00%(upstream:track)%00%(upstream:remotename)%00%(upstream:remoteref) refs/heads/origin/main refs/remotes/origin/main [154ms]
2024-07-25 14:56:52.877 [warning] ENOENT: no such file or directory, open '/root/terraform-tutorial/.git/refs/remotes/origin/main'
2024-07-25 14:56:52.881 [info] > git rev-parse --show-toplevel [235ms]
2024-07-25 14:56:52.892 [info] > git merge-base refs/heads/main refs/remotes/origin/main [131ms]
2024-07-25 14:56:53.100 [info] > git rev-parse refs/remotes/origin/main [223ms]
2024-07-25 14:56:53.253 [info] > git rev-parse --show-toplevel [157ms]
2024-07-25 14:56:53.254 [info] > git rev-list --count --left-right refs/heads/main...refs/remotes/origin/main [268ms]
2024-07-25 14:56:53.570 [info] > git status -z -uall [325ms]
2024-07-25 14:56:53.740 [info] > git rev-parse --show-toplevel [176ms]
2024-07-25 14:56:53.741 [info] > git diff --name-status -z --diff-filter=ADMR d5a4c632cf56051d5113f93115f9fe60401d01cd...refs/remotes/origin/main [286ms]
2024-07-25 14:56:53.859 [info] > git for-each-ref --format=%(refname)%00%(upstream:short)%00%(objectname)%00%(upstream:track)%00%(upstream:remotename)%00%(upstream:remoteref) refs/heads/main refs/remotes/main [144ms]
2024-07-25 14:56:53.976 [info] > git rev-parse --show-toplevel [126ms]
2024-07-25 14:56:54.073 [info] > git config --local branch.main.vscode-merge-base [104ms]
2024-07-25 14:56:54.188 [info] > git rev-parse --show-toplevel [122ms]
2024-07-25 14:56:54.324 [info] > git for-each-ref --format=%(refname)%00%(upstream:short)%00%(objectname)%00%(upstream:track)%00%(upstream:remotename)%00%(upstream:remoteref) refs/heads/origin/main refs/remotes/origin/main [146ms]
2024-07-25 14:56:54.334 [info] > git rev-parse --show-toplevel [21ms]
2024-07-25 14:56:54.429 [info] > git rev-parse --show-toplevel [14ms]
2024-07-25 14:56:54.583 [info] > git rev-parse --show-toplevel [12ms]
2024-07-25 17:37:54.500 [info] > git rev-parse --show-toplevel [67ms]
2024-07-25 17:45:30.735 [info] > git config --get commit.template [130ms]
2024-07-25 17:45:30.743 [info] > git for-each-ref --format=%(refname)%00%(upstream:short)%00%(objectname)%00%(upstream:track)%00%(upstream:remotename)%00%(upstream:remoteref) refs/heads/main refs/remotes/main [48ms]
2024-07-25 17:45:30.850 [warning] ENOENT: no such file or directory, open '/root/terraform-tutorial/.git/refs/remotes/origin/main'
2024-07-25 17:45:30.856 [info] > git rev-parse refs/remotes/origin/main [7ms]
2024-07-25 17:45:31.033 [info] > git status -z -uall [81ms]
2024-07-25 17:45:31.221 [info] > git for-each-ref --format=%(refname)%00%(upstream:short)%00%(objectname)%00%(upstream:track)%00%(upstream:remotename)%00%(upstream:remoteref) refs/heads/main refs/remotes/main [76ms]
2024-07-25 17:45:31.296 [info] > git config --local branch.main.vscode-merge-base [12ms]
2024-07-25 17:45:31.369 [info] > git for-each-ref --format=%(refname)%00%(upstream:short)%00%(objectname)%00%(upstream:track)%00%(upstream:remotename)%00%(upstream:remoteref) refs/heads/origin/main refs/remotes/origin/main [19ms]
