2024-07-23 20:11:57.762 [info] Log level: Info
2024-07-23 20:11:57.763 [info] Validating found git in: "git"
2024-07-23 20:11:57.763 [info] Using git "2.34.1" from "git"
2024-07-23 20:11:57.763 [info] > git rev-parse --show-toplevel [234ms]
2024-07-23 20:11:57.773 [info] > git rev-parse --git-dir --git-common-dir [59ms]
2024-07-23 20:11:57.863 [info] Open repository: /root/terraform-tutorial
2024-07-23 20:11:58.258 [info] > git config --get commit.template [103ms]
2024-07-23 20:11:58.581 [info] > git for-each-ref --format=%(refname)%00%(upstream:short)%00%(objectname)%00%(upstream:track)%00%(upstream:remotename)%00%(upstream:remoteref) refs/heads/main refs/remotes/main [134ms]
2024-07-23 20:11:58.649 [warning] ENOENT: no such file or directory, open '/root/terraform-tutorial/.git/refs/remotes/origin/main'
2024-07-23 20:11:58.653 [info] > git rev-parse --show-toplevel [79ms]
2024-07-23 20:11:58.800 [info] > git rev-parse --show-toplevel [71ms]
2024-07-23 20:11:58.801 [info] > git rev-parse refs/remotes/origin/main [152ms]
2024-07-23 20:11:59.035 [info] > git check-ignore -v -z --stdin [242ms]
2024-07-23 20:11:59.061 [info] > git rev-parse --show-toplevel [30ms]
2024-07-23 20:11:59.173 [info] > git rev-parse --show-toplevel [27ms]
2024-07-23 20:11:59.385 [info] > git rev-parse --show-toplevel [104ms]
2024-07-23 20:11:59.552 [info] > git status -z -uall [645ms]
2024-07-23 20:11:59.558 [info] > git rev-parse --show-toplevel [33ms]
2024-07-23 20:12:00.167 [info] > git for-each-ref --format=%(refname)%00%(upstream:short)%00%(objectname)%00%(upstream:track)%00%(upstream:remotename)%00%(upstream:remoteref) refs/heads/main refs/remotes/main [488ms]
2024-07-23 20:12:00.302 [info] > git config --get commit.template [147ms]
2024-07-23 20:12:00.303 [info] > git rev-parse --show-toplevel [312ms]
2024-07-23 20:12:00.307 [info] > git config --local branch.main.vscode-merge-base [28ms]
2024-07-23 20:12:00.685 [info] > git rev-parse --show-toplevel [120ms]
2024-07-23 20:12:00.686 [info] > git for-each-ref --format=%(refname)%00%(upstream:short)%00%(objectname)%00%(upstream:track)%00%(upstream:remotename)%00%(upstream:remoteref) refs/heads/origin/main refs/remotes/origin/main [242ms]
2024-07-23 20:12:00.949 [info] > git for-each-ref --format=%(refname)%00%(upstream:short)%00%(objectname)%00%(upstream:track)%00%(upstream:remotename)%00%(upstream:remoteref) refs/heads/main refs/remotes/main [281ms]
2024-07-23 20:12:00.954 [info] > git rev-parse --show-toplevel [39ms]
2024-07-23 20:12:00.955 [info] > git merge-base refs/heads/main refs/remotes/origin/main [156ms]
2024-07-23 20:12:01.179 [warning] ENOENT: no such file or directory, open '/root/terraform-tutorial/.git/refs/remotes/origin/main'
2024-07-23 20:12:01.326 [info] > git rev-parse refs/remotes/origin/main [148ms]
2024-07-23 20:12:01.438 [info] > git rev-list --count --left-right refs/heads/main...refs/remotes/origin/main [392ms]
2024-07-23 20:12:02.364 [info] > git status -z -uall [929ms]
2024-07-23 20:12:03.198 [info] > git rev-parse --show-toplevel [1882ms]
2024-07-23 20:12:03.931 [info] > git for-each-ref --format=%(refname)%00%(upstream:short)%00%(objectname)%00%(upstream:track)%00%(upstream:remotename)%00%(upstream:remoteref) refs/heads/main refs/remotes/main [741ms]
2024-07-23 20:12:04.558 [info] > git diff --name-status -z --diff-filter=ADMR d5a4c632cf56051d5113f93115f9fe60401d01cd...refs/remotes/origin/main [2511ms]
2024-07-23 20:12:04.567 [info] > git config --local branch.main.vscode-merge-base [11ms]
2024-07-23 20:12:04.974 [info] > git rev-parse --show-toplevel [1220ms]
2024-07-23 20:12:05.239 [info] > git for-each-ref --format=%(refname)%00%(upstream:short)%00%(objectname)%00%(upstream:track)%00%(upstream:remotename)%00%(upstream:remoteref) refs/heads/origin/main refs/remotes/origin/main [273ms]
2024-07-23 20:12:05.253 [info] > git rev-parse --show-toplevel [32ms]
2024-07-23 20:12:05.768 [info] > git show --textconv :terraform.tfstate [206ms]
2024-07-23 20:12:05.781 [info] > git ls-files --stage -- /root/terraform-tutorial/terraform.tfstate [53ms]
