2024-07-10 15:52:02.436 [info] Extension host with pid 6131 started
2024-07-10 15:52:02.699 [info] ExtensionService#_doActivateExtension vscode.git-base, startup: true, activationEvent: '*', root cause: vscode.git
2024-07-10 15:52:03.582 [info] Lock '/root/.vscode-server/data/User/workspaceStorage/22ce5e0db7d978fef500f9580041c1e9/vscode.lock': Lock acquired.
2024-07-10 15:52:03.604 [info] ExtensionService#_doActivateExtension vscode.git, startup: true, activationEvent: '*'
2024-07-10 15:52:03.606 [info] ExtensionService#_doActivateExtension vscode.github, startup: true, activationEvent: '*'
2024-07-10 15:52:05.438 [info] Eager extensions activated
2024-07-10 15:52:05.439 [info] ExtensionService#_doActivateExtension vscode.debug-auto-launch, startup: false, activationEvent: 'onStartupFinished'
2024-07-10 15:52:05.440 [info] ExtensionService#_doActivateExtension vscode.merge-conflict, startup: false, activationEvent: 'onStartupFinished'
2024-07-10 15:52:06.088 [info] ExtensionService#_doActivateExtension vscode.emmet, startup: false, activationEvent: 'onLanguage'
2024-07-10 15:52:13.826 [info] ExtensionService#_doActivateExtension vscode.configuration-editing, startup: false, activationEvent: 'onLanguage:jsonc'
2024-07-10 15:52:13.828 [info] ExtensionService#_doActivateExtension vscode.json-language-features, startup: false, activationEvent: 'onLanguage:jsonc'
2024-07-10 15:52:13.828 [info] ExtensionService#_doActivateExtension vscode.typescript-language-features, startup: false, activationEvent: 'onLanguage:jsonc'
2024-07-12 14:45:18.056 [info] Extension host terminating: renderer disconnected for too long (1)
2024-07-12 14:45:18.079 [info] Lock '/root/.vscode-server/data/User/workspaceStorage/22ce5e0db7d978fef500f9580041c1e9/vscode.lock': Marking the lockfile as scheduled to be released in 6000 ms.
2024-07-12 14:45:18.389 [error] Canceled: Canceled
	at new I (/root/.vscode-server/bin/ea1445cc7016315d0f5728f8e8b12a45dc0a7286/out/vs/workbench/api/node/extensionHostProcess.js:146:34990)
	at S.U (/root/.vscode-server/bin/ea1445cc7016315d0f5728f8e8b12a45dc0a7286/out/vs/workbench/api/node/extensionHostProcess.js:153:6023)
	at z.<computed>.F.charCodeAt.T.CharCode.DollarSign.z.<computed> (/root/.vscode-server/bin/ea1445cc7016315d0f5728f8e8b12a45dc0a7286/out/vs/workbench/api/node/extensionHostProcess.js:153:3107)
	at f.g (/root/.vscode-server/bin/ea1445cc7016315d0f5728f8e8b12a45dc0a7286/out/vs/workbench/api/node/extensionHostProcess.js:156:203861)
	at f.executeCommand (/root/.vscode-server/bin/ea1445cc7016315d0f5728f8e8b12a45dc0a7286/out/vs/workbench/api/node/extensionHostProcess.js:156:203299)
	at A.registerCommand.description (/root/.vscode-server/bin/ea1445cc7016315d0f5728f8e8b12a45dc0a7286/out/vs/workbench/api/node/extensionHostProcess.js:156:202623)
	at f.h (/root/.vscode-server/bin/ea1445cc7016315d0f5728f8e8b12a45dc0a7286/out/vs/workbench/api/node/extensionHostProcess.js:156:204400)
	at f.g (/root/.vscode-server/bin/ea1445cc7016315d0f5728f8e8b12a45dc0a7286/out/vs/workbench/api/node/extensionHostProcess.js:156:203392)
	at f.executeCommand (/root/.vscode-server/bin/ea1445cc7016315d0f5728f8e8b12a45dc0a7286/out/vs/workbench/api/node/extensionHostProcess.js:156:203299)
	at Object.executeCommand (/root/.vscode-server/bin/ea1445cc7016315d0f5728f8e8b12a45dc0a7286/out/vs/workbench/api/node/extensionHostProcess.js:166:23051)
	at n.O [as value] (/root/.vscode-server/bin/ea1445cc7016315d0f5728f8e8b12a45dc0a7286/extensions/git/dist/main.js:2:949375)
	at r.B (/root/.vscode-server/bin/ea1445cc7016315d0f5728f8e8b12a45dc0a7286/out/vs/workbench/api/node/extensionHostProcess.js:83:737)
	at r.C (/root/.vscode-server/bin/ea1445cc7016315d0f5728f8e8b12a45dc0a7286/out/vs/workbench/api/node/extensionHostProcess.js:83:807)
	at r.fire (/root/.vscode-server/bin/ea1445cc7016315d0f5728f8e8b12a45dc0a7286/out/vs/workbench/api/node/extensionHostProcess.js:83:1023)
	at Object.p [as dispose] (/root/.vscode-server/bin/ea1445cc7016315d0f5728f8e8b12a45dc0a7286/extensions/git/dist/main.js:2:968579)
	at /root/.vscode-server/bin/ea1445cc7016315d0f5728f8e8b12a45dc0a7286/extensions/git/dist/main.js:2:974617
	at Array.forEach (<anonymous>)
	at f.dispose (/root/.vscode-server/bin/ea1445cc7016315d0f5728f8e8b12a45dc0a7286/extensions/git/dist/main.js:2:974603)
	at c.<anonymous> (/root/.vscode-server/bin/ea1445cc7016315d0f5728f8e8b12a45dc0a7286/out/vs/workbench/api/node/extensionHostProcess.js:154:4048)
	at c.dispose (/root/.vscode-server/bin/ea1445cc7016315d0f5728f8e8b12a45dc0a7286/out/vs/workbench/api/node/extensionHostProcess.js:154:4145)
	at c.<anonymous> (/root/.vscode-server/bin/ea1445cc7016315d0f5728f8e8b12a45dc0a7286/extensions/git/dist/main.js:2:951632)
	at c.dispose (/root/.vscode-server/bin/ea1445cc7016315d0f5728f8e8b12a45dc0a7286/out/vs/workbench/api/node/extensionHostProcess.js:154:4145)
	at d (/root/.vscode-server/bin/ea1445cc7016315d0f5728f8e8b12a45dc0a7286/out/vs/workbench/api/node/extensionHostProcess.js:30:744)
	at m.eb (/root/.vscode-server/bin/ea1445cc7016315d0f5728f8e8b12a45dc0a7286/out/vs/workbench/api/node/extensionHostProcess.js:162:10039)
	at /root/.vscode-server/bin/ea1445cc7016315d0f5728f8e8b12a45dc0a7286/out/vs/workbench/api/node/extensionHostProcess.js:162:7915
	at Array.map (<anonymous>)
	at m.$ (/root/.vscode-server/bin/ea1445cc7016315d0f5728f8e8b12a45dc0a7286/out/vs/workbench/api/node/extensionHostProcess.js:162:7902)
	at m.terminate (/root/.vscode-server/bin/ea1445cc7016315d0f5728f8e8b12a45dc0a7286/out/vs/workbench/api/node/extensionHostProcess.js:162:8175)
	at d.terminate (/root/.vscode-server/bin/ea1445cc7016315d0f5728f8e8b12a45dc0a7286/out/vs/workbench/api/node/extensionHostProcess.js:166:1513)
	at i (/root/.vscode-server/bin/ea1445cc7016315d0f5728f8e8b12a45dc0a7286/out/vs/workbench/api/node/extensionHostProcess.js:179:10617)
	at F.a (/root/.vscode-server/bin/ea1445cc7016315d0f5728f8e8b12a45dc0a7286/out/vs/workbench/api/node/extensionHostProcess.js:179:7222)
	at F.h (/root/.vscode-server/bin/ea1445cc7016315d0f5728f8e8b12a45dc0a7286/out/vs/workbench/api/node/extensionHostProcess.js:100:21239)
	at listOnTimeout (node:internal/timers:573:17)
	at process.processTimers (node:internal/timers:514:7) setContext undefined
2024-07-12 14:45:18.397 [error] Canceled: Canceled
	at new I (/root/.vscode-server/bin/ea1445cc7016315d0f5728f8e8b12a45dc0a7286/out/vs/workbench/api/node/extensionHostProcess.js:146:34990)
	at S.U (/root/.vscode-server/bin/ea1445cc7016315d0f5728f8e8b12a45dc0a7286/out/vs/workbench/api/node/extensionHostProcess.js:153:6023)
	at z.<computed>.F.charCodeAt.T.CharCode.DollarSign.z.<computed> (/root/.vscode-server/bin/ea1445cc7016315d0f5728f8e8b12a45dc0a7286/out/vs/workbench/api/node/extensionHostProcess.js:153:3107)
	at f.g (/root/.vscode-server/bin/ea1445cc7016315d0f5728f8e8b12a45dc0a7286/out/vs/workbench/api/node/extensionHostProcess.js:156:203861)
	at f.executeCommand (/root/.vscode-server/bin/ea1445cc7016315d0f5728f8e8b12a45dc0a7286/out/vs/workbench/api/node/extensionHostProcess.js:156:203299)
	at A.registerCommand.description (/root/.vscode-server/bin/ea1445cc7016315d0f5728f8e8b12a45dc0a7286/out/vs/workbench/api/node/extensionHostProcess.js:156:202623)
	at f.h (/root/.vscode-server/bin/ea1445cc7016315d0f5728f8e8b12a45dc0a7286/out/vs/workbench/api/node/extensionHostProcess.js:156:204400)
	at f.g (/root/.vscode-server/bin/ea1445cc7016315d0f5728f8e8b12a45dc0a7286/out/vs/workbench/api/node/extensionHostProcess.js:156:203392)
	at f.executeCommand (/root/.vscode-server/bin/ea1445cc7016315d0f5728f8e8b12a45dc0a7286/out/vs/workbench/api/node/extensionHostProcess.js:156:203299)
	at Object.executeCommand (/root/.vscode-server/bin/ea1445cc7016315d0f5728f8e8b12a45dc0a7286/out/vs/workbench/api/node/extensionHostProcess.js:166:23051)
	at set hasGitHubRepositories [as hasGitHubRepositories] (/root/.vscode-server/bin/ea1445cc7016315d0f5728f8e8b12a45dc0a7286/extensions/github/dist/extension.js:2:322969)
	at /root/.vscode-server/bin/ea1445cc7016315d0f5728f8e8b12a45dc0a7286/extensions/github/dist/extension.js:2:323928
	at n.value (/root/.vscode-server/bin/ea1445cc7016315d0f5728f8e8b12a45dc0a7286/extensions/git/dist/main.js:2:1055117)
	at r.B (/root/.vscode-server/bin/ea1445cc7016315d0f5728f8e8b12a45dc0a7286/out/vs/workbench/api/node/extensionHostProcess.js:83:737)
	at r.C (/root/.vscode-server/bin/ea1445cc7016315d0f5728f8e8b12a45dc0a7286/out/vs/workbench/api/node/extensionHostProcess.js:83:807)
	at r.fire (/root/.vscode-server/bin/ea1445cc7016315d0f5728f8e8b12a45dc0a7286/out/vs/workbench/api/node/extensionHostProcess.js:83:1023)
	at Object.p [as dispose] (/root/.vscode-server/bin/ea1445cc7016315d0f5728f8e8b12a45dc0a7286/extensions/git/dist/main.js:2:968579)
	at /root/.vscode-server/bin/ea1445cc7016315d0f5728f8e8b12a45dc0a7286/extensions/git/dist/main.js:2:974617
	at Array.forEach (<anonymous>)
	at f.dispose (/root/.vscode-server/bin/ea1445cc7016315d0f5728f8e8b12a45dc0a7286/extensions/git/dist/main.js:2:974603)
	at c.<anonymous> (/root/.vscode-server/bin/ea1445cc7016315d0f5728f8e8b12a45dc0a7286/out/vs/workbench/api/node/extensionHostProcess.js:154:4048)
	at c.dispose (/root/.vscode-server/bin/ea1445cc7016315d0f5728f8e8b12a45dc0a7286/out/vs/workbench/api/node/extensionHostProcess.js:154:4145)
	at c.<anonymous> (/root/.vscode-server/bin/ea1445cc7016315d0f5728f8e8b12a45dc0a7286/extensions/git/dist/main.js:2:951632)
	at c.dispose (/root/.vscode-server/bin/ea1445cc7016315d0f5728f8e8b12a45dc0a7286/out/vs/workbench/api/node/extensionHostProcess.js:154:4145)
	at d (/root/.vscode-server/bin/ea1445cc7016315d0f5728f8e8b12a45dc0a7286/out/vs/workbench/api/node/extensionHostProcess.js:30:744)
	at m.eb (/root/.vscode-server/bin/ea1445cc7016315d0f5728f8e8b12a45dc0a7286/out/vs/workbench/api/node/extensionHostProcess.js:162:10039)
	at /root/.vscode-server/bin/ea1445cc7016315d0f5728f8e8b12a45dc0a7286/out/vs/workbench/api/node/extensionHostProcess.js:162:7915
	at Array.map (<anonymous>)
	at m.$ (/root/.vscode-server/bin/ea1445cc7016315d0f5728f8e8b12a45dc0a7286/out/vs/workbench/api/node/extensionHostProcess.js:162:7902)
	at m.terminate (/root/.vscode-server/bin/ea1445cc7016315d0f5728f8e8b12a45dc0a7286/out/vs/workbench/api/node/extensionHostProcess.js:162:8175)
	at d.terminate (/root/.vscode-server/bin/ea1445cc7016315d0f5728f8e8b12a45dc0a7286/out/vs/workbench/api/node/extensionHostProcess.js:166:1513)
	at i (/root/.vscode-server/bin/ea1445cc7016315d0f5728f8e8b12a45dc0a7286/out/vs/workbench/api/node/extensionHostProcess.js:179:10617)
	at F.a (/root/.vscode-server/bin/ea1445cc7016315d0f5728f8e8b12a45dc0a7286/out/vs/workbench/api/node/extensionHostProcess.js:179:7222)
	at F.h (/root/.vscode-server/bin/ea1445cc7016315d0f5728f8e8b12a45dc0a7286/out/vs/workbench/api/node/extensionHostProcess.js:100:21239)
	at listOnTimeout (node:internal/timers:573:17)
	at process.processTimers (node:internal/timers:514:7) setContext undefined
2024-07-12 14:45:18.412 [info] Extension host with pid 6131 exiting with code 0
